<?xml version="1.0" encoding="UTF-8"?>
<!-- Generated by org.testng.reporters.JUnitReportReporter -->
<testsuite hostname="DESKTOP-NJBQ8IK" failures="0" tests="1" name="authentication.Basicauthtest" time="2.124" errors="0" timestamp="2022-02-12T21:51:04 IST" skipped="0">
  <testcase classname="authentication.Basicauthtest" name="basicAuth" time="2.124"/>
  <system-out/>
</testsuite> <!-- authentication.Basicauthtest -->
