<?xml version="1.0" encoding="UTF-8"?>
<!-- Generated by org.testng.reporters.JUnitReportReporter -->
<testsuite hostname="DESKTOP-NJBQ8IK" failures="0" tests="1" name="waysToPostRequest.CreateResourceUsinghashMapTest" time="2.307" errors="0" timestamp="2022-02-10T14:39:51 IST" skipped="0">
  <testcase classname="waysToPostRequest.CreateResourceUsinghashMapTest" name="create" time="2.307"/>
  <system-out/>
</testsuite> <!-- waysToPostRequest.CreateResourceUsinghashMapTest -->
