<?xml version="1.0" encoding="UTF-8"?>
<!-- Generated by org.testng.reporters.JUnitReportReporter -->
<testsuite hostname="DESKTOP-NJBQ8IK" failures="0" tests="1" name="com.RMGYantraTest.UpdateAndVerifyInDataBaseTest" time="1.824" errors="0" timestamp="2022-02-12T22:48:01 IST" skipped="0">
  <testcase classname="com.RMGYantraTest.UpdateAndVerifyInDataBaseTest" name="updateDataAndVerifyInDB" time="1.824"/>
  <system-out>
    <![CDATA[completed]]>
  </system-out>
</testsuite> <!-- com.RMGYantraTest.UpdateAndVerifyInDataBaseTest -->
