<?xml version="1.0" encoding="UTF-8"?>
<!-- Generated by org.testng.reporters.JUnitReportReporter -->
<testsuite hostname="DESKTOP-NJBQ8IK" failures="0" tests="1" name="practiceCRUDWithBDD.GetAllresource" time="1.617" errors="0" timestamp="2022-02-11T12:56:51 IST" skipped="0">
  <testcase classname="practiceCRUDWithBDD.GetAllresource" name="getResource" time="1.617"/>
  <system-out/>
</testsuite> <!-- practiceCRUDWithBDD.GetAllresource -->
