<?xml version="1.0" encoding="UTF-8"?>
<!-- Generated by org.testng.reporters.JUnitReportReporter -->
<testsuite hostname="DESKTOP-NJBQ8IK" failures="0" tests="1" name="practiceCRUDWithoutBDD.CreateProject" time="4.298" errors="0" timestamp="2022-02-10T00:11:57 IST" skipped="0">
  <testcase classname="practiceCRUDWithoutBDD.CreateProject" name="createProject" time="4.298"/>
  <system-out/>
</testsuite> <!-- practiceCRUDWithoutBDD.CreateProject -->
