<?xml version="1.0" encoding="UTF-8"?>
<!-- Generated by org.testng.reporters.JUnitReportReporter -->
<testsuite hostname="DESKTOP-NJBQ8IK" failures="0" tests="1" name="com.RMGYantraTest.CreateResourceAndVerifyInDataBaseTest" time="1.873" errors="0" timestamp="2022-02-12T22:47:51 IST" skipped="0">
  <testcase classname="com.RMGYantraTest.CreateResourceAndVerifyInDataBaseTest" name="createResourceAndverifyInDB" time="1.873"/>
  <system-out>
    <![CDATA[TY_PROJ_806]]>
  </system-out>
</testsuite> <!-- com.RMGYantraTest.CreateResourceAndVerifyInDataBaseTest -->
