<?xml version="1.0" encoding="UTF-8"?>
<!-- Generated by org.testng.reporters.JUnitReportReporter -->
<testsuite hostname="DESKTOP-NJBQ8IK" failures="0" tests="1" name="waysToPostRequest.StaticResponsevalidation" time="2.038" errors="0" timestamp="2022-02-10T16:54:34 IST" skipped="0">
  <testcase classname="waysToPostRequest.StaticResponsevalidation" name="validate" time="2.038"/>
  <system-out/>
</testsuite> <!-- waysToPostRequest.StaticResponsevalidation -->
