<?xml version="1.0" encoding="UTF-8"?>
<!-- Generated by org.testng.reporters.JUnitReportReporter -->
<testsuite hostname="DESKTOP-NJBQ8IK" failures="0" tests="1" name="practiceCRUDWithBDD.CreateResource" time="3.042" errors="0" timestamp="2022-02-12T18:11:59 IST" skipped="0">
  <testcase classname="practiceCRUDWithBDD.CreateResource" name="create" time="3.042"/>
  <system-out/>
</testsuite> <!-- practiceCRUDWithBDD.CreateResource -->
