<?xml version="1.0" encoding="UTF-8"?>
<!-- Generated by org.testng.reporters.JUnitReportReporter -->
<testsuite hostname="DESKTOP-NJBQ8IK" failures="0" tests="1" name="practiceCRUDWithBDD.UpdateResourse" time="2.074" errors="0" timestamp="2022-02-10T12:26:23 IST" skipped="0">
  <testcase classname="practiceCRUDWithBDD.UpdateResourse" name="update" time="2.074"/>
  <system-out/>
</testsuite> <!-- practiceCRUDWithBDD.UpdateResourse -->
