<?xml version="1.0" encoding="UTF-8"?>
<!-- Generated by org.testng.reporters.JUnitReportReporter -->
<testsuite hostname="DESKTOP-NJBQ8IK" failures="0" tests="1" name="parametersAndAuthentication.ParametersTest" time="2.408" errors="0" timestamp="2022-02-12T19:10:45 IST" skipped="0">
  <testcase classname="parametersAndAuthentication.ParametersTest" name="params" time="2.408"/>
  <system-out/>
</testsuite> <!-- parametersAndAuthentication.ParametersTest -->
