<?xml version="1.0" encoding="UTF-8"?>
<!-- Generated by org.testng.reporters.JUnitReportReporter -->
<testsuite hostname="DESKTOP-NJBQ8IK" failures="0" tests="1" name="practiceCRUDWithoutBDD.GetAllprojects" time="1.599" errors="0" timestamp="2022-02-11T13:02:49 IST" skipped="0">
  <testcase classname="practiceCRUDWithoutBDD.GetAllprojects" name="getAllProjects" time="1.599"/>
  <system-out/>
</testsuite> <!-- practiceCRUDWithoutBDD.GetAllprojects -->
