<?xml version="1.0" encoding="UTF-8"?>
<!-- Generated by org.testng.reporters.JUnitReportReporter -->
<testsuite hostname="DESKTOP-NJBQ8IK" failures="0" tests="1" name="responseValidation.DynamicResponsevalidate" time="1.905" errors="0" timestamp="2022-02-12T23:07:25 IST" skipped="0">
  <testcase classname="responseValidation.DynamicResponsevalidate" name="verify" time="1.905"/>
  <system-out/>
</testsuite> <!-- responseValidation.DynamicResponsevalidate -->
