<?xml version="1.0" encoding="UTF-8"?>
<!-- Generated by org.testng.reporters.JUnitReportReporter -->
<testsuite hostname="DESKTOP-NJBQ8IK" failures="0" tests="1" name="waysToPostRequest.CreateResourceUsingJsonObject" time="2.203" errors="0" timestamp="2022-02-10T14:25:53 IST" skipped="0">
  <testcase classname="waysToPostRequest.CreateResourceUsingJsonObject" name="create" time="2.203"/>
  <system-out/>
</testsuite> <!-- waysToPostRequest.CreateResourceUsingJsonObject -->
