<?xml version="1.0" encoding="UTF-8"?>
<!-- Generated by org.testng.reporters.JUnitReportReporter -->
<testsuite hostname="DESKTOP-NJBQ8IK" failures="0" tests="1" name="parametersAndAuthentication.PathParameterTest" time="1.696" errors="0" timestamp="2022-02-12T19:24:49 IST" skipped="0">
  <testcase classname="parametersAndAuthentication.PathParameterTest" name="param" time="1.696"/>
  <system-out/>
</testsuite> <!-- parametersAndAuthentication.PathParameterTest -->
