<?xml version="1.0" encoding="UTF-8"?>
<!-- Generated by org.testng.reporters.JUnitReportReporter -->
<testsuite hostname="DESKTOP-NJBQ8IK" failures="0" tests="1" name="com.RMGYantraTest.CreateResourceAndVerifyInDataBase" time="1.579" errors="0" timestamp="2022-02-12T17:10:42 IST" skipped="0">
  <testcase classname="com.RMGYantraTest.CreateResourceAndVerifyInDataBase" name="createResourceAndverifyInDB" time="1.579"/>
  <system-out>
    <![CDATA[====Data verified]]>
  </system-out>
</testsuite> <!-- com.RMGYantraTest.CreateResourceAndVerifyInDataBase -->
