<?xml version="1.0" encoding="UTF-8"?>
<!-- Generated by org.testng.reporters.JUnitReportReporter -->
<testsuite hostname="DESKTOP-NJBQ8IK" failures="0" tests="1" name="parametersAndAuthentication.QuerryParameterTest" time="2.425" errors="0" timestamp="2022-02-12T19:29:34 IST" skipped="0">
  <testcase classname="parametersAndAuthentication.QuerryParameterTest" name="param" time="2.425"/>
  <system-out/>
</testsuite> <!-- parametersAndAuthentication.QuerryParameterTest -->
