<?xml version="1.0" encoding="UTF-8"?>
<!-- Generated by org.testng.reporters.JUnitReportReporter -->
<testsuite hostname="DESKTOP-NJBQ8IK" failures="0" tests="1" name="practiceCRUDWithBDD.DeleteResourse" time="1.605" errors="0" timestamp="2022-02-10T12:32:07 IST" skipped="0">
  <testcase classname="practiceCRUDWithBDD.DeleteResourse" name="delete" time="1.605"/>
  <system-out/>
</testsuite> <!-- practiceCRUDWithBDD.DeleteResourse -->
