<?xml version="1.0" encoding="UTF-8"?>
<!-- Generated by org.testng.reporters.JUnitReportReporter -->
<testsuite hostname="DESKTOP-NJBQ8IK" failures="0" tests="1" name="waysToPostRequest.CreateResourceWithJsonFile" time="2.069" errors="0" timestamp="2022-02-10T15:03:50 IST" skipped="0">
  <testcase classname="waysToPostRequest.CreateResourceWithJsonFile" name="create" time="2.069"/>
  <system-out/>
</testsuite> <!-- waysToPostRequest.CreateResourceWithJsonFile -->
